<?xml version="1.0" encoding="UTF-8"?>
<!-- Generated by org.testng.reporters.JUnitReportReporter -->
<testsuite hostname="LTIN234012" failures="0" tests="2" name="testCases.TC_01CourseraPage" time="20.573" errors="0" timestamp="2024-02-19T10:36:38 IST" skipped="0">
  <testcase classname="testCases.TC_01CourseraPage" name="surveyvisibility" time="20.144"/>
  <testcase classname="testCases.TC_01CourseraPage" name="TitleVerification" time="0.429"/>
</testsuite> <!-- testCases.TC_01CourseraPage -->
