<?xml version="1.0" encoding="UTF-8"?>
<!-- Generated by org.testng.reporters.JUnitReportReporter -->
<testsuite hostname="LTIN234012" failures="0" tests="6" name="testCases.TC_02Webdevelopment" time="16.213" errors="0" timestamp="2024-02-19T10:36:38 IST" skipped="0">
  <testcase classname="testCases.TC_02Webdevelopment" name="course_search" time="7.509"/>
  <testcase classname="testCases.TC_02Webdevelopment" name="level_select" time="3.151"/>
  <testcase classname="testCases.TC_02Webdevelopment" name="language_select" time="0.841"/>
  <testcase classname="testCases.TC_02Webdevelopment" name="ScrolluptoSearch" time="0.027"/>
  <testcase classname="testCases.TC_02Webdevelopment" name="firstcourseselect" time="3.328"/>
  <testcase classname="testCases.TC_02Webdevelopment" name="secondcourseselect" time="1.357"/>
</testsuite> <!-- testCases.TC_02Webdevelopment -->
