<?xml version="1.0" encoding="UTF-8"?>
<!-- Generated by org.testng.reporters.JUnitReportReporter -->
<testsuite hostname="LTIN234012" failures="0" tests="2" name="testCases.TC_03LanguageLearning" time="401.659" errors="0" timestamp="2024-02-19T10:36:38 IST" skipped="0">
  <testcase classname="testCases.TC_03LanguageLearning" name="search_Language" time="16.423"/>
  <testcase classname="testCases.TC_03LanguageLearning" name="show_FiveCourses" time="385.236"/>
</testsuite> <!-- testCases.TC_03LanguageLearning -->
